build/app/intermediates/manifest_merge_blame_file/debug/manifest-merger-blame-debug-report.txt
1<?xml version="1.0" encoding="utf-8"?>
2<manifest xmlns:android="http://schemas.android.com/apk/res/android"
3    package="com.example.maps_implementation"
4    android:versionCode="1"
5    android:versionName="0.1.0" >
6
7    <uses-sdk
8        android:minSdkVersion="21"
9        android:targetSdkVersion="34" />
10    <!--
11         The INTERNET permission is required for development. Specifically,
12         the Flutter tool needs it to communicate with the running application
13         to allow setting breakpoints, to provide hot reload, etc.
14    -->
15    <uses-permission android:name="android.permission.INTERNET" />
15-->src/main/AndroidManifest.xml:2:5-67
15-->src/main/AndroidManifest.xml:2:22-64
16    <uses-permission android:name="android.permission.ACCESS_FINE_LOCATION" />
16-->src/main/AndroidManifest.xml:3:5-79
16-->src/main/AndroidManifest.xml:3:22-76
17    <uses-permission android:name="android.permission.ACCESS_COARSE_LOCATION" />
17-->src/main/AndroidManifest.xml:4:5-81
17-->src/main/AndroidManifest.xml:4:22-78
18    <!--
19 Required to query activities that can process text, see:
20         https://developer.android.com/training/package-visibility and
21         https://developer.android.com/reference/android/content/Intent#ACTION_PROCESS_TEXT.
22
23         In particular, this is used by the Flutter engine in io.flutter.plugin.text.ProcessTextPlugin.
24    -->
25    <queries>
25-->src/main/AndroidManifest.xml:46:5-51:15
26        <intent>
26-->src/main/AndroidManifest.xml:47:9-50:18
27            <action android:name="android.intent.action.PROCESS_TEXT" />
27-->src/main/AndroidManifest.xml:48:13-73
27-->src/main/AndroidManifest.xml:48:21-70
28
29            <data android:mimeType="text/plain" />
29-->src/main/AndroidManifest.xml:49:13-51
29-->src/main/AndroidManifest.xml:49:19-48
30        </intent>
31        <!-- Needs to be explicitly declared on Android R+ -->
32        <package android:name="com.google.android.apps.maps" />
32-->[com.google.android.gms:play-services-maps:18.2.0] AndroidManifest.xml:33:9-64
32-->[com.google.android.gms:play-services-maps:18.2.0] AndroidManifest.xml:33:18-61
33    </queries> <!-- Include required permissions for Google Maps API to run. -->
34    <uses-permission android:name="android.permission.ACCESS_NETWORK_STATE" />
34-->[com.google.android.gms:play-services-maps:18.2.0] AndroidManifest.xml:23:5-79
34-->[com.google.android.gms:play-services-maps:18.2.0] AndroidManifest.xml:23:22-76
35
36    <uses-feature
36-->[com.google.android.gms:play-services-maps:18.2.0] AndroidManifest.xml:26:5-28:35
37        android:glEsVersion="0x00020000"
37-->[com.google.android.gms:play-services-maps:18.2.0] AndroidManifest.xml:27:9-41
38        android:required="true" />
38-->[com.google.android.gms:play-services-maps:18.2.0] AndroidManifest.xml:28:9-32
39
40    <permission
40-->[androidx.core:core:1.13.0] AndroidManifest.xml:22:5-24:47
41        android:name="com.example.maps_implementation.DYNAMIC_RECEIVER_NOT_EXPORTED_PERMISSION"
41-->[androidx.core:core:1.13.0] AndroidManifest.xml:23:9-81
42        android:protectionLevel="signature" />
42-->[androidx.core:core:1.13.0] AndroidManifest.xml:24:9-44
43
44    <uses-permission android:name="com.example.maps_implementation.DYNAMIC_RECEIVER_NOT_EXPORTED_PERMISSION" />
44-->[androidx.core:core:1.13.0] AndroidManifest.xml:26:5-97
44-->[androidx.core:core:1.13.0] AndroidManifest.xml:26:22-94
45
46    <application
47        android:name="android.app.Application"
48        android:appComponentFactory="androidx.core.app.CoreComponentFactory"
48-->[androidx.core:core:1.13.0] AndroidManifest.xml:28:18-86
49        android:debuggable="true"
50        android:icon="@mipmap/ic_launcher"
51        android:label="maps_implementation" >
52        <meta-data
53            android:name="com.google.android.geo.API_KEY"
54            android:value="YOUR_API_KEY+" />
55
56        <activity
57            android:name="com.example.maps_implementation.MainActivity"
58            android:configChanges="orientation|keyboardHidden|keyboard|screenSize|smallestScreenSize|locale|layoutDirection|fontScale|screenLayout|density|uiMode"
59            android:exported="true"
60            android:hardwareAccelerated="true"
61            android:launchMode="singleTop"
62            android:taskAffinity=""
63            android:theme="@style/LaunchTheme"
64            android:windowSoftInputMode="adjustResize" >
65
66            <!--
67                 Specifies an Android theme to apply to this Activity as soon as
68                 the Android process has started. This theme is visible to the user
69                 while the Flutter UI initializes. After that, this theme continues
70                 to determine the Window background behind the Flutter UI.
71            -->
72            <meta-data
73                android:name="io.flutter.embedding.android.NormalTheme"
74                android:resource="@style/NormalTheme" />
75
76            <intent-filter>
77                <action android:name="android.intent.action.MAIN" />
78
79                <category android:name="android.intent.category.LAUNCHER" />
80            </intent-filter>
81        </activity>
82        <!--
83             Don't delete the meta-data below.
84             This is used by the Flutter tool to generate GeneratedPluginRegistrant.java
85        -->
86        <meta-data
87            android:name="flutterEmbedding"
88            android:value="2" />
89
90        <service
90-->[:geolocator_android] AndroidManifest.xml:10:9-14:56
91            android:name="com.baseflow.geolocator.GeolocatorLocationService"
91-->[:geolocator_android] AndroidManifest.xml:11:13-77
92            android:enabled="true"
92-->[:geolocator_android] AndroidManifest.xml:12:13-35
93            android:exported="false"
93-->[:geolocator_android] AndroidManifest.xml:13:13-37
94            android:foregroundServiceType="location" />
94-->[:geolocator_android] AndroidManifest.xml:14:13-53
95
96        <activity
96-->[:url_launcher_android] AndroidManifest.xml:10:9-13:74
97            android:name="io.flutter.plugins.urllauncher.WebViewActivity"
97-->[:url_launcher_android] AndroidManifest.xml:11:13-74
98            android:exported="false"
98-->[:url_launcher_android] AndroidManifest.xml:12:13-37
99            android:theme="@android:style/Theme.NoTitleBar.Fullscreen" />
99-->[:url_launcher_android] AndroidManifest.xml:13:13-71
100
101        <uses-library
101-->[androidx.window:window:1.0.0-beta04] AndroidManifest.xml:25:9-27:40
102            android:name="androidx.window.extensions"
102-->[androidx.window:window:1.0.0-beta04] AndroidManifest.xml:26:13-54
103            android:required="false" />
103-->[androidx.window:window:1.0.0-beta04] AndroidManifest.xml:27:13-37
104        <uses-library
104-->[androidx.window:window:1.0.0-beta04] AndroidManifest.xml:28:9-30:40
105            android:name="androidx.window.sidecar"
105-->[androidx.window:window:1.0.0-beta04] AndroidManifest.xml:29:13-51
106            android:required="false" /> <!-- Needs to be explicitly declared on P+ -->
106-->[androidx.window:window:1.0.0-beta04] AndroidManifest.xml:30:13-37
107        <uses-library
107-->[com.google.android.gms:play-services-maps:18.2.0] AndroidManifest.xml:39:9-41:40
108            android:name="org.apache.http.legacy"
108-->[com.google.android.gms:play-services-maps:18.2.0] AndroidManifest.xml:40:13-50
109            android:required="false" />
109-->[com.google.android.gms:play-services-maps:18.2.0] AndroidManifest.xml:41:13-37
110
111        <activity
111-->[com.google.android.gms:play-services-base:18.3.0] AndroidManifest.xml:20:9-22:45
112            android:name="com.google.android.gms.common.api.GoogleApiActivity"
112-->[com.google.android.gms:play-services-base:18.3.0] AndroidManifest.xml:20:19-85
113            android:exported="false"
113-->[com.google.android.gms:play-services-base:18.3.0] AndroidManifest.xml:22:19-43
114            android:theme="@android:style/Theme.Translucent.NoTitleBar" />
114-->[com.google.android.gms:play-services-base:18.3.0] AndroidManifest.xml:21:19-78
115
116        <meta-data
116-->[com.google.android.gms:play-services-basement:18.3.0] AndroidManifest.xml:21:9-23:69
117            android:name="com.google.android.gms.version"
117-->[com.google.android.gms:play-services-basement:18.3.0] AndroidManifest.xml:22:13-58
118            android:value="@integer/google_play_services_version" />
118-->[com.google.android.gms:play-services-basement:18.3.0] AndroidManifest.xml:23:13-66
119
120        <provider
120-->[androidx.profileinstaller:profileinstaller:1.3.0] AndroidManifest.xml:24:9-32:20
121            android:name="androidx.startup.InitializationProvider"
121-->[androidx.profileinstaller:profileinstaller:1.3.0] AndroidManifest.xml:25:13-67
122            android:authorities="com.example.maps_implementation.androidx-startup"
122-->[androidx.profileinstaller:profileinstaller:1.3.0] AndroidManifest.xml:26:13-68
123            android:exported="false" >
123-->[androidx.profileinstaller:profileinstaller:1.3.0] AndroidManifest.xml:27:13-37
124            <meta-data
124-->[androidx.profileinstaller:profileinstaller:1.3.0] AndroidManifest.xml:29:13-31:52
125                android:name="androidx.profileinstaller.ProfileInstallerInitializer"
125-->[androidx.profileinstaller:profileinstaller:1.3.0] AndroidManifest.xml:30:17-85
126                android:value="androidx.startup" />
126-->[androidx.profileinstaller:profileinstaller:1.3.0] AndroidManifest.xml:31:17-49
127        </provider>
128
129        <receiver
129-->[androidx.profileinstaller:profileinstaller:1.3.0] AndroidManifest.xml:34:9-52:20
130            android:name="androidx.profileinstaller.ProfileInstallReceiver"
130-->[androidx.profileinstaller:profileinstaller:1.3.0] AndroidManifest.xml:35:13-76
131            android:directBootAware="false"
131-->[androidx.profileinstaller:profileinstaller:1.3.0] AndroidManifest.xml:36:13-44
132            android:enabled="true"
132-->[androidx.profileinstaller:profileinstaller:1.3.0] AndroidManifest.xml:37:13-35
133            android:exported="true"
133-->[androidx.profileinstaller:profileinstaller:1.3.0] AndroidManifest.xml:38:13-36
134            android:permission="android.permission.DUMP" >
134-->[androidx.profileinstaller:profileinstaller:1.3.0] AndroidManifest.xml:39:13-57
135            <intent-filter>
135-->[androidx.profileinstaller:profileinstaller:1.3.0] AndroidManifest.xml:40:13-42:29
136                <action android:name="androidx.profileinstaller.action.INSTALL_PROFILE" />
136-->[androidx.profileinstaller:profileinstaller:1.3.0] AndroidManifest.xml:41:17-91
136-->[androidx.profileinstaller:profileinstaller:1.3.0] AndroidManifest.xml:41:25-88
137            </intent-filter>
138            <intent-filter>
138-->[androidx.profileinstaller:profileinstaller:1.3.0] AndroidManifest.xml:43:13-45:29
139                <action android:name="androidx.profileinstaller.action.SKIP_FILE" />
139-->[androidx.profileinstaller:profileinstaller:1.3.0] AndroidManifest.xml:44:17-85
139-->[androidx.profileinstaller:profileinstaller:1.3.0] AndroidManifest.xml:44:25-82
140            </intent-filter>
141            <intent-filter>
141-->[androidx.profileinstaller:profileinstaller:1.3.0] AndroidManifest.xml:46:13-48:29
142                <action android:name="androidx.profileinstaller.action.SAVE_PROFILE" />
142-->[androidx.profileinstaller:profileinstaller:1.3.0] AndroidManifest.xml:47:17-88
142-->[androidx.profileinstaller:profileinstaller:1.3.0] AndroidManifest.xml:47:25-85
143            </intent-filter>
144            <intent-filter>
144-->[androidx.profileinstaller:profileinstaller:1.3.0] AndroidManifest.xml:49:13-51:29
145                <action android:name="androidx.profileinstaller.action.BENCHMARK_OPERATION" />
145-->[androidx.profileinstaller:profileinstaller:1.3.0] AndroidManifest.xml:50:17-95
145-->[androidx.profileinstaller:profileinstaller:1.3.0] AndroidManifest.xml:50:25-92
146            </intent-filter>
147        </receiver>
148    </application>
149
150</manifest>